PyTorch Version:  2.1.1
Torchvision Version:  0.16.1
Device: cuda
Epoch 1/100
------------------------------------------------------------
train | overall_Loss_seg: 0.015853
lr:0.0001
val | Loss_seg: 0.013058
precision:0.1584, recall:0.0000, f_score:0.0001, oa:0.9580
Best f_score: 0.000095
------------------------------------------------------------
Epoch 2/100
------------------------------------------------------------
train | overall_Loss_seg: 0.012990
lr:0.0001
val | Loss_seg: 0.010047
precision:0.4051, recall:0.3774, f_score:0.3908, oa:0.9506
Best f_score: 0.390766
------------------------------------------------------------
Epoch 3/100
------------------------------------------------------------
train | overall_Loss_seg: 0.010387
lr:0.0001
val | Loss_seg: 0.007879
precision:0.6504, recall:0.4882, f_score:0.5578, oa:0.9675
Best f_score: 0.557779
------------------------------------------------------------
Epoch 4/100
------------------------------------------------------------
train | overall_Loss_seg: 0.008643
lr:0.0001
val | Loss_seg: 0.007660
precision:0.7875, recall:0.4239, f_score:0.5511, oa:0.9710
Best f_score: 0.557779
------------------------------------------------------------
Epoch 5/100
------------------------------------------------------------
train | overall_Loss_seg: 0.007769
lr:0.0001
val | Loss_seg: 0.006302
precision:0.7912, recall:0.5736, f_score:0.6650, oa:0.9758
Best f_score: 0.665018
------------------------------------------------------------
Epoch 6/100
------------------------------------------------------------
train | overall_Loss_seg: 0.007311
lr:0.0001
val | Loss_seg: 0.005775
precision:0.7788, recall:0.6574, f_score:0.7130, oa:0.9778
Best f_score: 0.712994
------------------------------------------------------------
Epoch 7/100
------------------------------------------------------------
train | overall_Loss_seg: 0.007011
lr:0.0001
val | Loss_seg: 0.005361
precision:0.7463, recall:0.7563, f_score:0.7513, oa:0.9790
Best f_score: 0.751296
------------------------------------------------------------
Epoch 8/100
------------------------------------------------------------
train | overall_Loss_seg: 0.006676
lr:0.0001
val | Loss_seg: 0.005448
precision:0.7181, recall:0.7735, f_score:0.7448, oa:0.9778
Best f_score: 0.751296
------------------------------------------------------------
Epoch 9/100
------------------------------------------------------------
train | overall_Loss_seg: 0.006447
lr:0.0001
val | Loss_seg: 0.005145
precision:0.7820, recall:0.7352, f_score:0.7579, oa:0.9803
Best f_score: 0.757887
------------------------------------------------------------
Epoch 10/100
------------------------------------------------------------
train | overall_Loss_seg: 0.006123
lr:0.0001
val | Loss_seg: 0.005095
precision:0.8266, recall:0.6949, f_score:0.7550, oa:0.9811
Best f_score: 0.757887
------------------------------------------------------------
Epoch 11/100
------------------------------------------------------------
train | overall_Loss_seg: 0.006015
lr:0.0001
val | Loss_seg: 0.005080
precision:0.7668, recall:0.7597, f_score:0.7632, oa:0.9802
Best f_score: 0.763222
------------------------------------------------------------
Epoch 12/100
------------------------------------------------------------
train | overall_Loss_seg: 0.005689
lr:0.0001
val | Loss_seg: 0.005067
precision:0.8155, recall:0.7116, f_score:0.7600, oa:0.9811
Best f_score: 0.763222
------------------------------------------------------------
Epoch 13/100
------------------------------------------------------------
train | overall_Loss_seg: 0.005594
lr:0.0001
val | Loss_seg: 0.004881
precision:0.7987, recall:0.7504, f_score:0.7738, oa:0.9816
Best f_score: 0.773794
------------------------------------------------------------
Epoch 14/100
------------------------------------------------------------
train | overall_Loss_seg: 0.005371
lr:0.0001
val | Loss_seg: 0.004836
precision:0.7876, recall:0.7628, f_score:0.7750, oa:0.9814
Best f_score: 0.774996
------------------------------------------------------------
Epoch 15/100
------------------------------------------------------------
train | overall_Loss_seg: 0.005323
lr:0.0001
val | Loss_seg: 0.005107
precision:0.8122, recall:0.7287, f_score:0.7682, oa:0.9815
Best f_score: 0.774996
------------------------------------------------------------
Epoch 16/100
------------------------------------------------------------
train | overall_Loss_seg: 0.005008
lr:0.0001
val | Loss_seg: 0.004818
precision:0.8293, recall:0.7394, f_score:0.7817, oa:0.9827
Best f_score: 0.781746
------------------------------------------------------------
Epoch 17/100
------------------------------------------------------------
train | overall_Loss_seg: 0.004968
lr:0.0001
val | Loss_seg: 0.004555
precision:0.8346, recall:0.7541, f_score:0.7923, oa:0.9834
Best f_score: 0.792325
------------------------------------------------------------
Epoch 18/100
------------------------------------------------------------
train | overall_Loss_seg: 0.004751
lr:0.0001
val | Loss_seg: 0.004775
precision:0.8679, recall:0.7041, f_score:0.7775, oa:0.9831
Best f_score: 0.792325
------------------------------------------------------------
Epoch 19/100
------------------------------------------------------------
train | overall_Loss_seg: 0.004545
lr:0.0001
val | Loss_seg: 0.004740
precision:0.8087, recall:0.7634, f_score:0.7854, oa:0.9825
Best f_score: 0.792325
------------------------------------------------------------
Epoch 20/100
------------------------------------------------------------
train | overall_Loss_seg: 0.004436
lr:0.0001
val | Loss_seg: 0.004717
precision:0.8599, recall:0.7141, f_score:0.7803, oa:0.9831
Best f_score: 0.792325
------------------------------------------------------------
Epoch 21/100
------------------------------------------------------------
train | overall_Loss_seg: 0.004224
lr:0.0001
val | Loss_seg: 0.004435
precision:0.8518, recall:0.7532, f_score:0.7995, oa:0.9841
Best f_score: 0.799478
------------------------------------------------------------
Epoch 22/100
------------------------------------------------------------
train | overall_Loss_seg: 0.004124
lr:0.0001
val | Loss_seg: 0.004606
precision:0.8844, recall:0.7121, f_score:0.7889, oa:0.9840
Best f_score: 0.799478
------------------------------------------------------------
Epoch 23/100
------------------------------------------------------------
train | overall_Loss_seg: 0.004162
lr:0.0001
val | Loss_seg: 0.004399
precision:0.8636, recall:0.7485, f_score:0.8020, oa:0.9845
Best f_score: 0.801984
------------------------------------------------------------
Epoch 24/100
------------------------------------------------------------
train | overall_Loss_seg: 0.003999
lr:0.0001
val | Loss_seg: 0.004285
precision:0.8576, recall:0.7701, f_score:0.8115, oa:0.9850
Best f_score: 0.811535
------------------------------------------------------------
Epoch 25/100
------------------------------------------------------------
train | overall_Loss_seg: 0.004031
lr:0.0001
val | Loss_seg: 0.004293
precision:0.8525, recall:0.7658, f_score:0.8069, oa:0.9846
Best f_score: 0.811535
------------------------------------------------------------
Epoch 26/100
------------------------------------------------------------
train | overall_Loss_seg: 0.003887
lr:0.0001
val | Loss_seg: 0.004518
precision:0.8346, recall:0.7598, f_score:0.7955, oa:0.9836
Best f_score: 0.811535
------------------------------------------------------------
Epoch 27/100
------------------------------------------------------------
train | overall_Loss_seg: 0.003794
lr:0.0001
val | Loss_seg: 0.005560
precision:0.8878, recall:0.6375, f_score:0.7421, oa:0.9814
Best f_score: 0.811535
------------------------------------------------------------
Epoch 28/100
------------------------------------------------------------
train | overall_Loss_seg: 0.003637
lr:0.0001
val | Loss_seg: 0.004972
precision:0.8716, recall:0.7012, f_score:0.7771, oa:0.9831
Best f_score: 0.811535
------------------------------------------------------------
Epoch 29/100
------------------------------------------------------------
train | overall_Loss_seg: 0.003806
lr:0.0001
val | Loss_seg: 0.004294
precision:0.8535, recall:0.7699, f_score:0.8096, oa:0.9848
Best f_score: 0.811535
------------------------------------------------------------
Epoch 30/100
------------------------------------------------------------
train | overall_Loss_seg: 0.003535
lr:0.0001
val | Loss_seg: 0.004388
precision:0.8682, recall:0.7503, f_score:0.8049, oa:0.9847
Best f_score: 0.811535
------------------------------------------------------------
Epoch 31/100
------------------------------------------------------------
train | overall_Loss_seg: 0.003590
lr:0.0001
val | Loss_seg: 0.004583
precision:0.8859, recall:0.7233, f_score:0.7964, oa:0.9845
Best f_score: 0.811535
------------------------------------------------------------
Epoch 32/100
------------------------------------------------------------
train | overall_Loss_seg: 0.003452
lr:0.0001
val | Loss_seg: 0.004393
precision:0.8641, recall:0.7593, f_score:0.8083, oa:0.9849
Best f_score: 0.811535
------------------------------------------------------------
Epoch 33/100
------------------------------------------------------------
train | overall_Loss_seg: 0.003413
lr:0.0001
val | Loss_seg: 0.004475
precision:0.8686, recall:0.7460, f_score:0.8026, oa:0.9846
Best f_score: 0.811535
------------------------------------------------------------
Epoch 34/100
------------------------------------------------------------
train | overall_Loss_seg: 0.003387
lr:0.0001
val | Loss_seg: 0.004551
precision:0.8659, recall:0.7416, f_score:0.7990, oa:0.9843
Best f_score: 0.811535
------------------------------------------------------------
Epoch 35/100
------------------------------------------------------------
train | overall_Loss_seg: 0.003316
lr:0.0001
val | Loss_seg: 0.004301
precision:0.8429, recall:0.7814, f_score:0.8110, oa:0.9847
Best f_score: 0.811535
------------------------------------------------------------
Epoch 36/100
------------------------------------------------------------
train | overall_Loss_seg: 0.003280
lr:0.0001
val | Loss_seg: 0.004396
precision:0.8580, recall:0.7611, f_score:0.8067, oa:0.9847
Best f_score: 0.811535
------------------------------------------------------------
Epoch 37/100
------------------------------------------------------------
train | overall_Loss_seg: 0.003104
lr:0.0001
val | Loss_seg: 0.004355
precision:0.8551, recall:0.7704, f_score:0.8105, oa:0.9849
Best f_score: 0.811535
------------------------------------------------------------
Epoch 38/100
------------------------------------------------------------
train | overall_Loss_seg: 0.003051
lr:0.0001
val | Loss_seg: 0.004480
precision:0.8772, recall:0.7466, f_score:0.8066, oa:0.9850
Best f_score: 0.811535
------------------------------------------------------------
Epoch 39/100
------------------------------------------------------------
train | overall_Loss_seg: 0.003007
lr:0.0001
val | Loss_seg: 0.004777
precision:0.8944, recall:0.7060, f_score:0.7891, oa:0.9842
Best f_score: 0.811535
------------------------------------------------------------
Epoch 40/100
------------------------------------------------------------
train | overall_Loss_seg: 0.003161
lr:0.0001
val | Loss_seg: 0.004583
precision:0.8422, recall:0.7558, f_score:0.7967, oa:0.9838
Epoch 00040: reducing learning rate of group 0 to 1.0000e-05.
Best f_score: 0.811535
------------------------------------------------------------
Epoch 41/100
------------------------------------------------------------
train | overall_Loss_seg: 0.002968
lr:1e-05
val | Loss_seg: 0.004376
precision:0.8666, recall:0.7590, f_score:0.8092, oa:0.9850
Best f_score: 0.811535
------------------------------------------------------------
Epoch 42/100
------------------------------------------------------------
train | overall_Loss_seg: 0.002863
lr:1e-05
val | Loss_seg: 0.004371
precision:0.8796, recall:0.7499, f_score:0.8096, oa:0.9852
Best f_score: 0.811535
------------------------------------------------------------
Epoch 43/100
------------------------------------------------------------
train | overall_Loss_seg: 0.002846
lr:1e-05
val | Loss_seg: 0.004422
precision:0.8799, recall:0.7465, f_score:0.8077, oa:0.9851
Best f_score: 0.811535
------------------------------------------------------------
Epoch 44/100
------------------------------------------------------------
train | overall_Loss_seg: 0.002814
lr:1e-05
val | Loss_seg: 0.004429
precision:0.8803, recall:0.7470, f_score:0.8082, oa:0.9851
Best f_score: 0.811535
------------------------------------------------------------
Epoch 45/100
------------------------------------------------------------
train | overall_Loss_seg: 0.002779
lr:1e-05
val | Loss_seg: 0.004422
precision:0.8792, recall:0.7478, f_score:0.8082, oa:0.9851
Best f_score: 0.811535
------------------------------------------------------------
Epoch 46/100
------------------------------------------------------------
train | overall_Loss_seg: 0.002774
lr:1e-05
val | Loss_seg: 0.004506
precision:0.8765, recall:0.7435, f_score:0.8045, oa:0.9848
Best f_score: 0.811535
------------------------------------------------------------
Epoch 47/100
------------------------------------------------------------
train | overall_Loss_seg: 0.002729
lr:1e-05
val | Loss_seg: 0.004463
precision:0.8779, recall:0.7461, f_score:0.8066, oa:0.9850
Best f_score: 0.811535
------------------------------------------------------------
Epoch 48/100
------------------------------------------------------------
train | overall_Loss_seg: 0.002726
lr:1e-05
val | Loss_seg: 0.004502
precision:0.8858, recall:0.7371, f_score:0.8047, oa:0.9850
Best f_score: 0.811535
------------------------------------------------------------
Epoch 49/100
------------------------------------------------------------
train | overall_Loss_seg: 0.002709
lr:1e-05
val | Loss_seg: 0.004512
precision:0.8781, recall:0.7429, f_score:0.8048, oa:0.9849
Best f_score: 0.811535
------------------------------------------------------------
Epoch 50/100
------------------------------------------------------------
train | overall_Loss_seg: 0.002674
lr:1e-05
val | Loss_seg: 0.004478
precision:0.8762, recall:0.7485, f_score:0.8073, oa:0.9850
Best f_score: 0.811535
------------------------------------------------------------
Epoch 51/100
------------------------------------------------------------
train | overall_Loss_seg: 0.002690
lr:1e-05
val | Loss_seg: 0.004516
precision:0.8769, recall:0.7452, f_score:0.8057, oa:0.9849
Best f_score: 0.811535
------------------------------------------------------------
Epoch 52/100
------------------------------------------------------------
train | overall_Loss_seg: 0.002674
lr:1e-05
val | Loss_seg: 0.004489
precision:0.8773, recall:0.7462, f_score:0.8065, oa:0.9850
Best f_score: 0.811535
------------------------------------------------------------
Epoch 53/100
------------------------------------------------------------
train | overall_Loss_seg: 0.002669
lr:1e-05
val | Loss_seg: 0.004559
precision:0.8767, recall:0.7416, f_score:0.8035, oa:0.9848
Best f_score: 0.811535
------------------------------------------------------------
Epoch 54/100
------------------------------------------------------------
train | overall_Loss_seg: 0.002653
lr:1e-05
val | Loss_seg: 0.004562
precision:0.8824, recall:0.7366, f_score:0.8030, oa:0.9848
Best f_score: 0.811535
------------------------------------------------------------
Epoch 55/100
------------------------------------------------------------
train | overall_Loss_seg: 0.002638
lr:1e-05
val | Loss_seg: 0.004498
precision:0.8766, recall:0.7466, f_score:0.8064, oa:0.9850
Best f_score: 0.811535
------------------------------------------------------------
Epoch 56/100
------------------------------------------------------------
train | overall_Loss_seg: 0.002635
lr:1e-05
val | Loss_seg: 0.004544
precision:0.8767, recall:0.7430, f_score:0.8044, oa:0.9848
Epoch 00056: reducing learning rate of group 0 to 1.0000e-06.
Best f_score: 0.811535
------------------------------------------------------------
Epoch 57/100
------------------------------------------------------------
train | overall_Loss_seg: 0.002614
lr:1.0000000000000002e-06
val | Loss_seg: 0.004579
precision:0.8809, recall:0.7361, f_score:0.8020, oa:0.9847
Best f_score: 0.811535
------------------------------------------------------------
Epoch 58/100
------------------------------------------------------------
train | overall_Loss_seg: 0.002622
lr:1.0000000000000002e-06
val | Loss_seg: 0.004583
precision:0.8829, recall:0.7342, f_score:0.8017, oa:0.9848
Best f_score: 0.811535
------------------------------------------------------------
Epoch 59/100
------------------------------------------------------------
train | overall_Loss_seg: 0.002619
lr:1.0000000000000002e-06
val | Loss_seg: 0.004551
precision:0.8791, recall:0.7401, f_score:0.8037, oa:0.9848
Best f_score: 0.811535
------------------------------------------------------------
Epoch 60/100
------------------------------------------------------------
train | overall_Loss_seg: 0.002617
lr:1.0000000000000002e-06
val | Loss_seg: 0.004511
precision:0.8728, recall:0.7491, f_score:0.8062, oa:0.9849
Best f_score: 0.811535
------------------------------------------------------------
Epoch 61/100
------------------------------------------------------------
train | overall_Loss_seg: 0.002605
lr:1.0000000000000002e-06
val | Loss_seg: 0.004651
precision:0.8863, recall:0.7261, f_score:0.7983, oa:0.9846
Best f_score: 0.811535
------------------------------------------------------------
Epoch 62/100
------------------------------------------------------------
train | overall_Loss_seg: 0.002598
lr:1.0000000000000002e-06
val | Loss_seg: 0.004616
precision:0.8819, recall:0.7326, f_score:0.8003, oa:0.9847
Best f_score: 0.811535
------------------------------------------------------------
Epoch 63/100
------------------------------------------------------------
train | overall_Loss_seg: 0.002592
lr:1.0000000000000002e-06
val | Loss_seg: 0.004589
precision:0.8795, recall:0.7361, f_score:0.8014, oa:0.9847
Best f_score: 0.811535
------------------------------------------------------------
Epoch 64/100
------------------------------------------------------------
train | overall_Loss_seg: 0.002584
lr:1.0000000000000002e-06
val | Loss_seg: 0.004587
precision:0.8813, recall:0.7355, f_score:0.8018, oa:0.9847
Best f_score: 0.811535
------------------------------------------------------------
Epoch 65/100
------------------------------------------------------------
train | overall_Loss_seg: 0.002582
lr:1.0000000000000002e-06
val | Loss_seg: 0.004589
precision:0.8813, recall:0.7350, f_score:0.8015, oa:0.9847
Best f_score: 0.811535
------------------------------------------------------------
Epoch 66/100
------------------------------------------------------------
train | overall_Loss_seg: 0.002602
lr:1.0000000000000002e-06
val | Loss_seg: 0.004629
precision:0.8839, recall:0.7295, f_score:0.7993, oa:0.9846
Best f_score: 0.811535
------------------------------------------------------------
Epoch 67/100
------------------------------------------------------------
train | overall_Loss_seg: 0.002591
lr:1.0000000000000002e-06
val | Loss_seg: 0.004590
precision:0.8792, recall:0.7372, f_score:0.8020, oa:0.9847
Best f_score: 0.811535
------------------------------------------------------------
Epoch 68/100
------------------------------------------------------------
train | overall_Loss_seg: 0.002626
lr:1.0000000000000002e-06
val | Loss_seg: 0.004588
precision:0.8794, recall:0.7368, f_score:0.8018, oa:0.9847
Best f_score: 0.811535
------------------------------------------------------------
Epoch 69/100
------------------------------------------------------------
train | overall_Loss_seg: 0.002614
lr:1.0000000000000002e-06
val | Loss_seg: 0.004578
precision:0.8795, recall:0.7375, f_score:0.8023, oa:0.9847
Best f_score: 0.811535
------------------------------------------------------------
Epoch 70/100
------------------------------------------------------------
train | overall_Loss_seg: 0.002603
lr:1.0000000000000002e-06
val | Loss_seg: 0.004640
precision:0.8857, recall:0.7277, f_score:0.7990, oa:0.9846
Best f_score: 0.811535
------------------------------------------------------------
Epoch 71/100
------------------------------------------------------------
train | overall_Loss_seg: 0.002587
lr:1.0000000000000002e-06
val | Loss_seg: 0.004629
precision:0.8847, recall:0.7291, f_score:0.7994, oa:0.9846
Best f_score: 0.811535
------------------------------------------------------------
Epoch 72/100
------------------------------------------------------------
train | overall_Loss_seg: 0.002602
lr:1.0000000000000002e-06
val | Loss_seg: 0.004579
precision:0.8808, recall:0.7369, f_score:0.8024, oa:0.9848
Epoch 00072: reducing learning rate of group 0 to 1.0000e-07.
Best f_score: 0.811535
------------------------------------------------------------
Epoch 73/100
------------------------------------------------------------
train | overall_Loss_seg: 0.002587
lr:1.0000000000000002e-07
val | Loss_seg: 0.004566
precision:0.8796, recall:0.7390, f_score:0.8032, oa:0.9848
Best f_score: 0.811535
------------------------------------------------------------
Epoch 74/100
------------------------------------------------------------
train | overall_Loss_seg: 0.002578
lr:1.0000000000000002e-07
val | Loss_seg: 0.004630
precision:0.8856, recall:0.7290, f_score:0.7997, oa:0.9847
Best f_score: 0.811535
------------------------------------------------------------
Epoch 75/100
------------------------------------------------------------
train | overall_Loss_seg: 0.002590
lr:1.0000000000000002e-07
val | Loss_seg: 0.004593
precision:0.8820, recall:0.7347, f_score:0.8016, oa:0.9847
Best f_score: 0.811535
------------------------------------------------------------
Epoch 76/100
------------------------------------------------------------
train | overall_Loss_seg: 0.002581
lr:1.0000000000000002e-07
val | Loss_seg: 0.004581
precision:0.8807, recall:0.7365, f_score:0.8022, oa:0.9848
Best f_score: 0.811535
------------------------------------------------------------
Epoch 77/100
------------------------------------------------------------
train | overall_Loss_seg: 0.002599
lr:1.0000000000000002e-07
val | Loss_seg: 0.004572
precision:0.8804, recall:0.7381, f_score:0.8029, oa:0.9848
Best f_score: 0.811535
------------------------------------------------------------
Epoch 78/100
------------------------------------------------------------
train | overall_Loss_seg: 0.002610
lr:1.0000000000000002e-07
val | Loss_seg: 0.004601
precision:0.8841, recall:0.7319, f_score:0.8008, oa:0.9847
Best f_score: 0.811535
------------------------------------------------------------
Epoch 79/100
------------------------------------------------------------
train | overall_Loss_seg: 0.002584
lr:1.0000000000000002e-07
val | Loss_seg: 0.004575
precision:0.8802, recall:0.7382, f_score:0.8029, oa:0.9848
Best f_score: 0.811535
------------------------------------------------------------
Epoch 80/100
------------------------------------------------------------
train | overall_Loss_seg: 0.002610
lr:1.0000000000000002e-07
val | Loss_seg: 0.004557
precision:0.8786, recall:0.7410, f_score:0.8039, oa:0.9848
Best f_score: 0.811535
------------------------------------------------------------
Epoch 81/100
------------------------------------------------------------
train | overall_Loss_seg: 0.002577
lr:1.0000000000000002e-07
val | Loss_seg: 0.004593
precision:0.8819, recall:0.7349, f_score:0.8017, oa:0.9847
Best f_score: 0.811535
------------------------------------------------------------
Epoch 82/100
------------------------------------------------------------
train | overall_Loss_seg: 0.002598
lr:1.0000000000000002e-07
val | Loss_seg: 0.004568
precision:0.8791, recall:0.7395, f_score:0.8032, oa:0.9848
Best f_score: 0.811535
------------------------------------------------------------
Epoch 83/100
------------------------------------------------------------
train | overall_Loss_seg: 0.002579
lr:1.0000000000000002e-07
val | Loss_seg: 0.004572
precision:0.8804, recall:0.7376, f_score:0.8027, oa:0.9848
Best f_score: 0.811535
------------------------------------------------------------
Epoch 84/100
------------------------------------------------------------
train | overall_Loss_seg: 0.002601
lr:1.0000000000000002e-07
val | Loss_seg: 0.004551
precision:0.8778, recall:0.7417, f_score:0.8040, oa:0.9848
Best f_score: 0.811535
------------------------------------------------------------
Epoch 85/100
------------------------------------------------------------
train | overall_Loss_seg: 0.002592
lr:1.0000000000000002e-07
val | Loss_seg: 0.004568
precision:0.8788, recall:0.7397, f_score:0.8033, oa:0.9848
Best f_score: 0.811535
------------------------------------------------------------
Epoch 86/100
------------------------------------------------------------
train | overall_Loss_seg: 0.002585
lr:1.0000000000000002e-07
val | Loss_seg: 0.004629
precision:0.8854, recall:0.7291, f_score:0.7997, oa:0.9847
Best f_score: 0.811535
------------------------------------------------------------
Epoch 87/100
------------------------------------------------------------
train | overall_Loss_seg: 0.002586
lr:1.0000000000000002e-07
val | Loss_seg: 0.004604
precision:0.8829, recall:0.7327, f_score:0.8008, oa:0.9847
Best f_score: 0.811535
------------------------------------------------------------
Epoch 88/100
------------------------------------------------------------
train | overall_Loss_seg: 0.002595
lr:1.0000000000000002e-07
val | Loss_seg: 0.004661
precision:0.8878, recall:0.7248, f_score:0.7981, oa:0.9846
Epoch 00088: reducing learning rate of group 0 to 1.0000e-08.
Best f_score: 0.811535
------------------------------------------------------------
Epoch 89/100
------------------------------------------------------------
train | overall_Loss_seg: 0.002596
lr:1.0000000000000004e-08
val | Loss_seg: 0.004584
precision:0.8806, recall:0.7364, f_score:0.8021, oa:0.9847
Best f_score: 0.811535
------------------------------------------------------------
Epoch 90/100
------------------------------------------------------------
train | overall_Loss_seg: 0.002596
lr:1.0000000000000004e-08
val | Loss_seg: 0.004581
precision:0.8811, recall:0.7368, f_score:0.8025, oa:0.9848
Best f_score: 0.811535
------------------------------------------------------------
Epoch 91/100
------------------------------------------------------------
train | overall_Loss_seg: 0.002609
lr:1.0000000000000004e-08
val | Loss_seg: 0.004589
precision:0.8801, recall:0.7363, f_score:0.8018, oa:0.9847
Best f_score: 0.811535
------------------------------------------------------------
Epoch 92/100
------------------------------------------------------------
train | overall_Loss_seg: 0.002571
lr:1.0000000000000004e-08
val | Loss_seg: 0.004598
precision:0.8819, recall:0.7349, f_score:0.8017, oa:0.9847
Best f_score: 0.811535
------------------------------------------------------------
Epoch 93/100
------------------------------------------------------------
train | overall_Loss_seg: 0.002602
lr:1.0000000000000004e-08
val | Loss_seg: 0.004563
precision:0.8793, recall:0.7398, f_score:0.8035, oa:0.9848
Best f_score: 0.811535
------------------------------------------------------------
Epoch 94/100
------------------------------------------------------------
train | overall_Loss_seg: 0.002599
lr:1.0000000000000004e-08
val | Loss_seg: 0.004614
precision:0.8835, recall:0.7319, f_score:0.8006, oa:0.9847
Best f_score: 0.811535
------------------------------------------------------------
Epoch 95/100
------------------------------------------------------------
train | overall_Loss_seg: 0.002601
lr:1.0000000000000004e-08
val | Loss_seg: 0.004648
precision:0.8873, recall:0.7261, f_score:0.7986, oa:0.9846
Best f_score: 0.811535
------------------------------------------------------------
Epoch 96/100
------------------------------------------------------------
train | overall_Loss_seg: 0.002582
lr:1.0000000000000004e-08
val | Loss_seg: 0.004572
precision:0.8801, recall:0.7383, f_score:0.8030, oa:0.9848
Best f_score: 0.811535
------------------------------------------------------------
Epoch 97/100
------------------------------------------------------------
train | overall_Loss_seg: 0.002576
lr:1.0000000000000004e-08
val | Loss_seg: 0.004635
precision:0.8858, recall:0.7280, f_score:0.7992, oa:0.9846
Best f_score: 0.811535
------------------------------------------------------------
Epoch 98/100
------------------------------------------------------------
train | overall_Loss_seg: 0.002595
lr:1.0000000000000004e-08
val | Loss_seg: 0.004573
precision:0.8800, recall:0.7383, f_score:0.8029, oa:0.9848
Best f_score: 0.811535
------------------------------------------------------------
Epoch 99/100
------------------------------------------------------------
train | overall_Loss_seg: 0.002585
lr:1.0000000000000004e-08
val | Loss_seg: 0.004594
precision:0.8812, recall:0.7350, f_score:0.8015, oa:0.9847
Best f_score: 0.811535
------------------------------------------------------------
Epoch 100/100
------------------------------------------------------------
train | overall_Loss_seg: 0.002596
lr:1.0000000000000004e-08
val | Loss_seg: 0.004596
precision:0.8827, recall:0.7337, f_score:0.8013, oa:0.9847
Best f_score: 0.811535
------------------------------------------------------------
